#
# There is insufficient memory for the Java Runtime Environment to continue.
# Native memory allocation (mmap) failed to map 134217728 bytes for G1 virtual space
# Possible reasons:
#   The system is out of physical RAM or swap space
#   The process is running with CompressedOops enabled, and the Java Heap may be blocking the growth of the native heap
# Possible solutions:
#   Reduce memory load on the system
#   Increase physical memory or swap space
#   Check if swap backing store is full
#   Decrease Java heap size (-Xmx/-Xms)
#   Decrease number of Java threads
#   Decrease Java thread stack sizes (-Xss)
#   Set larger code cache with -XX:ReservedCodeCacheSize=
#   JVM is running with Unscaled Compressed Oops mode in which the Java heap is
#     placed in the first 4GB address space. The Java Heap base address is the
#     maximum limit for the native heap growth. Please use -XX:HeapBaseMinAddress
#     to set the Java Heap base and to place the Java Heap above 4GB virtual address.
# This output file may be truncated or incomplete.
#
#  Out of Memory Error (os_windows.cpp:3769), pid=5096, tid=31904
#
# JRE version:  (17.0.6+10) (build )
# Java VM: OpenJDK 64-Bit Server VM (17.0.6+10-b829.9, mixed mode, sharing, tiered, compressed oops, compressed class ptrs, g1 gc, windows-amd64)
# No core dump will be written. Minidumps are not enabled by default on client versions of Windows
#

---------------  S U M M A R Y ------------

Command Line: -Djava.rmi.server.hostname=127.0.0.1 -Duser.timezone=UTC -Xmx1024m -Xms128m --add-exports=java.desktop/sun.awt=ALL-UNNAMED --add-exports=java.desktop/java.awt.peer=ALL-UNNAMED --add-opens=java.desktop/java.awt=ALL-UNNAMED --add-opens=jdk.unsupported/sun.misc=ALL-UNNAMED --add-opens=java.base/java.nio=ALL-UNNAMED --add-opens=java.base/java.util=ALL-UNNAMED -Dfile.encoding=UTF-8 com.intellij.database.remote.RemoteJdbcServer com.mysql.cj.jdbc.Driver

Host: 13th Gen Intel(R) Core(TM) i5-1335U, 12 cores, 15G,  Windows 11 , 64 bit Build 26100 (10.0.26100.3323)
Time: Mon Apr  7 10:37:50 2025  Windows 11 , 64 bit Build 26100 (10.0.26100.3323) elapsed time: 2.153621 seconds (0d 0h 0m 2s)

---------------  T H R E A D  ---------------

Current thread (0x000001fc5c901330):  JavaThread "Unknown thread" [_thread_in_vm, id=31904, stack(0x0000009441f00000,0x0000009442000000)]

Stack: [0x0000009441f00000,0x0000009442000000]
Native frames: (J=compiled Java code, j=interpreted, Vv=VM code, C=native code)
V  [jvm.dll+0x683c5a]
V  [jvm.dll+0x842764]
V  [jvm.dll+0x843f5e]
V  [jvm.dll+0x8445c3]
V  [jvm.dll+0x249b75]
V  [jvm.dll+0x680b29]
V  [jvm.dll+0x67501a]
V  [jvm.dll+0x309acb]
V  [jvm.dll+0x310f86]
V  [jvm.dll+0x3608ee]
V  [jvm.dll+0x360b1f]
V  [jvm.dll+0x2dfbf8]
V  [jvm.dll+0x2e0b64]
V  [jvm.dll+0x814051]
V  [jvm.dll+0x36e6a1]
V  [jvm.dll+0x7f358c]
V  [jvm.dll+0x3f0e8f]
V  [jvm.dll+0x3f29d1]
C  [jli.dll+0x526b]
C  [ucrtbase.dll+0x37b0]
C  [KERNEL32.DLL+0x2e8d7]
C  [ntdll.dll+0xbbf6c]


---------------  P R O C E S S  ---------------

Threads class SMR info:
_java_thread_list=0x00007ffb79f9c058, length=0, elements={
}

Java Threads: ( => current thread )

Other Threads:
  0x000001fc5c93e740 GCTaskThread "GC Thread#0" [stack: 0x0000009442000000,0x0000009442100000] [id=15592]
  0x000001fc5c9485a0 ConcurrentGCThread "G1 Main Marker" [stack: 0x0000009442100000,0x0000009442200000] [id=23500]
  0x000001fc5c94a860 ConcurrentGCThread "G1 Conc#0" [stack: 0x0000009442200000,0x0000009442300000] [id=27812]

[error occurred during error reporting (printing all threads), id 0xc0000005, EXCEPTION_ACCESS_VIOLATION (0xc0000005) at pc=0x00007ffb79750797]

VM state: not at safepoint (not fully initialized)

VM Mutex/Monitor currently owned by a thread:  ([mutex/lock_event])
[0x000001fc5c8fbd60] Heap_lock - owner thread: 0x000001fc5c901330

Heap address: 0x00000000c0000000, size: 1024 MB, Compressed Oops mode: 32-bit

CDS archive(s) mapped at: [0x0000000000000000-0x0000000000000000-0x0000000000000000), size 0, SharedBaseAddress: 0x0000000800000000, ArchiveRelocationMode: 0.
Narrow klass base: 0x0000000000000000, Narrow klass shift: 0, Narrow klass range: 0x0

GC Precious Log:
<Empty>

Heap:
 garbage-first heap   total 0K, used 0K [0x00000000c0000000, 0x0000000100000000)
  region size 1024K, 0 young (0K), 0 survivors (0K)

[error occurred during error reporting (printing heap information), id 0xc0000005, EXCEPTION_ACCESS_VIOLATION (0xc0000005) at pc=0x00007ffb79b3da49]

GC Heap History (0 events):
No events

Dll operation events (1 events):
Event: 0.006 Loaded shared library C:\Program Files\JetBrains\PyCharm 2023.1.1\jbr\bin\java.dll

Deoptimization events (0 events):
No events

Classes unloaded (0 events):
No events

Classes redefined (0 events):
No events

Internal exceptions (0 events):
No events

VM Operations (0 events):
No events

Events (0 events):
No events


Dynamic libraries:
0x00007ff7b6b80000 - 0x00007ff7b6b8a000 	C:\Program Files\JetBrains\PyCharm 2023.1.1\jbr\bin\java.exe
0x00007ffbf8880000 - 0x00007ffbf8ae3000 	C:\WINDOWS\SYSTEM32\ntdll.dll
0x00007ffbf7c80000 - 0x00007ffbf7d47000 	C:\WINDOWS\System32\KERNEL32.DLL
0x00007ffbf6010000 - 0x00007ffbf63d9000 	C:\WINDOWS\System32\KERNELBASE.dll
0x00007ffbf63e0000 - 0x00007ffbf652c000 	C:\WINDOWS\System32\ucrtbase.dll
0x00007ffbe56a0000 - 0x00007ffbe56b7000 	C:\Program Files\JetBrains\PyCharm 2023.1.1\jbr\bin\jli.dll
0x00007ffbf83e0000 - 0x00007ffbf85aa000 	C:\WINDOWS\System32\USER32.dll
0x00007ffbf65e0000 - 0x00007ffbf6607000 	C:\WINDOWS\System32\win32u.dll
0x00007ffbd15c0000 - 0x00007ffbd1850000 	C:\WINDOWS\WinSxS\amd64_microsoft.windows.common-controls_6595b64144ccf1df_6.0.26100.3323_none_3e088096e3344490\COMCTL32.dll
0x00007ffbf6cc0000 - 0x00007ffbf6cea000 	C:\WINDOWS\System32\GDI32.dll
0x00007ffbf5a80000 - 0x00007ffbf5bb1000 	C:\WINDOWS\System32\gdi32full.dll
0x00007ffbf66a0000 - 0x00007ffbf6749000 	C:\WINDOWS\System32\msvcrt.dll
0x00007ffbf6530000 - 0x00007ffbf65d3000 	C:\WINDOWS\System32\msvcp_win.dll
0x00007ffbe3480000 - 0x00007ffbe349b000 	C:\Program Files\JetBrains\PyCharm 2023.1.1\jbr\bin\VCRUNTIME140.dll
0x00007ffbf8800000 - 0x00007ffbf882f000 	C:\WINDOWS\System32\IMM32.DLL
0x00007ffbeef40000 - 0x00007ffbeef4c000 	C:\Program Files\JetBrains\PyCharm 2023.1.1\jbr\bin\vcruntime140_1.dll
0x00007ffb85480000 - 0x00007ffb8550d000 	C:\Program Files\JetBrains\PyCharm 2023.1.1\jbr\bin\msvcp140.dll
0x00007ffb79460000 - 0x00007ffb7a0ce000 	C:\Program Files\JetBrains\PyCharm 2023.1.1\jbr\bin\server\jvm.dll
0x00007ffbf85c0000 - 0x00007ffbf8672000 	C:\WINDOWS\System32\ADVAPI32.dll
0x00007ffbf82a0000 - 0x00007ffbf8346000 	C:\WINDOWS\System32\sechost.dll
0x00007ffbf8680000 - 0x00007ffbf8796000 	C:\WINDOWS\System32\RPCRT4.dll
0x00007ffbc9570000 - 0x00007ffbc957a000 	C:\WINDOWS\SYSTEM32\WSOCK32.dll
0x00007ffbeb8e0000 - 0x00007ffbeb916000 	C:\WINDOWS\SYSTEM32\WINMM.dll
0x00007ffbf7c00000 - 0x00007ffbf7c74000 	C:\WINDOWS\System32\WS2_32.dll
0x00007ffbd04c0000 - 0x00007ffbd04cb000 	C:\WINDOWS\SYSTEM32\VERSION.dll
0x00007ffbf49b0000 - 0x00007ffbf49ca000 	C:\WINDOWS\SYSTEM32\kernel.appcore.dll
0x00007ffbf0330000 - 0x00007ffbf033a000 	C:\Program Files\JetBrains\PyCharm 2023.1.1\jbr\bin\jimage.dll
0x00007ffbf3060000 - 0x00007ffbf32a1000 	C:\WINDOWS\SYSTEM32\DBGHELP.DLL
0x00007ffbf7d50000 - 0x00007ffbf80d2000 	C:\WINDOWS\System32\combase.dll
0x00007ffbf81c0000 - 0x00007ffbf8296000 	C:\WINDOWS\System32\OLEAUT32.dll
0x00007ffbbeec0000 - 0x00007ffbbeef9000 	C:\WINDOWS\SYSTEM32\dbgcore.DLL
0x00007ffbf5d30000 - 0x00007ffbf5dc9000 	C:\WINDOWS\System32\bcryptPrimitives.dll
0x00007ffbdf050000 - 0x00007ffbdf075000 	C:\Program Files\JetBrains\PyCharm 2023.1.1\jbr\bin\java.dll

dbghelp: loaded successfully - version: 4.0.5 - missing functions: none
symbol engine: initialized successfully - sym options: 0x614 - pdb path: .;C:\Program Files\JetBrains\PyCharm 2023.1.1\jbr\bin;C:\WINDOWS\SYSTEM32;C:\WINDOWS\WinSxS\amd64_microsoft.windows.common-controls_6595b64144ccf1df_6.0.26100.3323_none_3e088096e3344490;C:\Program Files\JetBrains\PyCharm 2023.1.1\jbr\bin\server

VM Arguments:
jvm_args: -Djava.rmi.server.hostname=127.0.0.1 -Duser.timezone=UTC -Xmx1024m -Xms128m --add-exports=java.desktop/sun.awt=ALL-UNNAMED --add-exports=java.desktop/java.awt.peer=ALL-UNNAMED --add-opens=java.desktop/java.awt=ALL-UNNAMED --add-opens=jdk.unsupported/sun.misc=ALL-UNNAMED --add-opens=java.base/java.nio=ALL-UNNAMED --add-opens=java.base/java.util=ALL-UNNAMED -Dfile.encoding=UTF-8 
java_command: com.intellij.database.remote.RemoteJdbcServer com.mysql.cj.jdbc.Driver
java_class_path (initial): C:\Program Files\JetBrains\PyCharm 2023.1.1\lib\util_rt.jar;C:\Program Files\JetBrains\PyCharm 2023.1.1\lib\util-8.jar;C:\Program Files\JetBrains\PyCharm 2023.1.1\lib\groovy.jar;C:\Program Files\JetBrains\PyCharm 2023.1.1\plugins\DatabaseTools\lib\jdbc-console.jar;C:\Program Files\JetBrains\PyCharm 2023.1.1\plugins\grid-core-impl\lib\jdbc-console-types.jar;C:\Program Files\JetBrains\PyCharm 2023.1.1\lib\util.jar;C:\Users\45539\AppData\Roaming\JetBrains\PyCharm2023.1\jdbc-drivers\MySQL ConnectorJ\8.2.0\com\mysql\mysql-connector-j\8.2.0\mysql-connector-j-8.2.0.jar;C:\Users\45539\AppData\Roaming\JetBrains\PyCharm2023.1\jdbc-drivers\MySQL ConnectorJ\8.2.0\com\google\protobuf\protobuf-java\3.21.9\protobuf-java-3.21.9.jar
Launcher Type: SUN_STANDARD

[Global flags]
     intx CICompilerCount                          = 4                                         {product} {ergonomic}
     uint ConcGCThreads                            = 3                                         {product} {ergonomic}
     uint G1ConcRefinementThreads                  = 10                                        {product} {ergonomic}
   size_t G1HeapRegionSize                         = 1048576                                   {product} {ergonomic}
    uintx GCDrainStackTargetSize                   = 64                                        {product} {ergonomic}
   size_t InitialHeapSize                          = 134217728                                 {product} {command line}
   size_t MarkStackSize                            = 4194304                                   {product} {ergonomic}
   size_t MaxHeapSize                              = 1073741824                                {product} {command line}
   size_t MinHeapDeltaBytes                        = 1048576                                   {product} {ergonomic}
   size_t MinHeapSize                              = 134217728                                 {product} {command line}
    uintx NonNMethodCodeHeapSize                   = 5839372                                {pd product} {ergonomic}
    uintx NonProfiledCodeHeapSize                  = 122909434                              {pd product} {ergonomic}
    uintx ProfiledCodeHeapSize                     = 122909434                              {pd product} {ergonomic}
    uintx ReservedCodeCacheSize                    = 251658240                              {pd product} {ergonomic}
     bool SegmentedCodeCache                       = true                                      {product} {ergonomic}
   size_t SoftMaxHeapSize                          = 1073741824                             {manageable} {ergonomic}
     bool UseCompressedClassPointers               = true                           {product lp64_product} {ergonomic}
     bool UseCompressedOops                        = true                           {product lp64_product} {ergonomic}
     bool UseG1GC                                  = true                                      {product} {ergonomic}
     bool UseLargePagesIndividualAllocation        = false                                  {pd product} {ergonomic}

Logging:
Log output configuration:
 #0: stdout all=warning uptime,level,tags
 #1: stderr all=off uptime,level,tags

Environment Variables:
PATH=C:\WINDOWS\system32;C:\WINDOWS;C:\WINDOWS\System32\Wbem;C:\WINDOWS\System32\WindowsPowerShell\v1.0\;C:\WINDOWS\System32\OpenSSH\;C:\Program Files (x86)\Microsoft SQL Server\100\Tools\Binn\;C:\Program Files\Microsoft SQL Server\100\Tools\Binn\;C:\Program Files\Microsoft SQL Server\100\DTS\Binn\;C:\Program Files (x86)\Microsoft SQL Server\100\Tools\Binn\VSShell\Common7\IDE\;C:\Program Files (x86)\Microsoft SQL Server\100\DTS\Binn\;C:\Program Files (x86)\Microsoft Visual Studio 9.0\Common7\IDE\PrivateAssemblies\;C:\Program Files\nodejs\;C:\ProgramData\chocolatey\bin;C:\Program Files\dotnet\;D:\wxtool\微信web开发者工具\dll;C:\Users\45539\AppData\Local\Microsoft\WindowsApps;C:\Program Files\JetBrains\PyCharm 2023.1.1\bin;;C:\Users\45539\AppData\Local\Packages\PythonSoftwareFoundation.Python.3.8_qbz5n2kfra8p0\LocalCache\local-packages\Python38\Scripts;C:\Program Files\WindowsApps\PythonSoftwareFoundation.Python.3.8_3.8.2800.0_x64__qbz5n2kfra8p0\Lib\site-packages;C:\Users\45539\AppData\Local\Programs\Microsoft VS Code\bin;C:\Users\45539\AppData\Roaming\npm;C:\Program Files\MySQL\MySQL Server 9.2\include;
USERNAME=45539
OS=Windows_NT
PROCESSOR_IDENTIFIER=Intel64 Family 6 Model 186 Stepping 3, GenuineIntel
TMP=C:\Users\45539\AppData\Local\Temp
TEMP=C:\Users\45539\AppData\Local\Temp


JNI global refs:

[error occurred during error reporting (JNI global references), id 0xc0000005, EXCEPTION_ACCESS_VIOLATION (0xc0000005) at pc=0x00007ffb79517a10]


---------------  S Y S T E M  ---------------

OS:
 Windows 11 , 64 bit Build 26100 (10.0.26100.3323)
OS uptime: 3 days 22:03 hours
Hyper-V role detected

CPU: total 12 (initial active 12) (6 cores per cpu, 2 threads per core) family 6 model 186 stepping 3 microcode 0x4123, cx8, cmov, fxsr, ht, mmx, 3dnowpref, sse, sse2, sse3, ssse3, sse4.1, sse4.2, popcnt, lzcnt, tsc, tscinvbit, avx, avx2, aes, erms, clmul, bmi1, bmi2, adx, sha, fma, vzeroupper, clflush, clflushopt, clwb, hv

Memory: 4k page, system-wide physical 16057M (4033M free)
TotalPageFile size 18105M (AvailPageFile size 111M)
current process WorkingSet (physical memory assigned to process): 13M, peak: 13M
current process commit charge ("private bytes"): 64M, peak: 191M

vm_info: OpenJDK 64-Bit Server VM (17.0.6+10-b829.9) for windows-amd64 JRE (17.0.6+10-b829.9), built on 2023-04-09 by "builduser" with MS VC++ 16.10 / 16.11 (VS2019)

END.
